<?xml version="1.0" encoding="UTF-8"?>
<!-- Generated by org.testng.reporters.JUnitReportReporter -->
<testsuite skipped="0" hostname="Nehil" name="api.test.UserTests" tests="1" failures="0" timestamp="08 Feb 2024 19:08:41 GMT" time="1.541" errors="0">
  <testcase name="testPostUser" time="1.541" classname="api.test.UserTests"/>
</testsuite> <!-- api.test.UserTests -->
