<?xml version="1.0" encoding="UTF-8"?>
<!-- Generated by org.testng.reporters.JUnitReportReporter -->
<testsuite skipped="0" hostname="Nehil" name="api.endpoints.UserTests" tests="1" failures="0" timestamp="08 Feb 2024 19:08:41 GMT" time="3.940" errors="0">
  <testcase name="testPostUser" time="3.940" classname="api.endpoints.UserTests"/>
</testsuite> <!-- api.endpoints.UserTests -->
